<?xml version="1.0" encoding="UTF-8"?>
<!-- Generated by org.testng.reporters.JUnitXMLReporter -->
<testsuite ignored="0" hostname="IN-GPS102490" failures="0" tests="1" name="Surefire test" time="0.032" errors="0" timestamp="2024-07-18T19:55:39 IST">
  <testcase classname="swetha.TestComponents.BaseTest" name="@BeforeMethod launchApplication" time="0.006">
    <failure type="java.io.FileNotFoundException" message="D:\Selenium\Udemy\SeleniumFrameworkDesign\src\main\java\Swetha\resources\GlobalData.preoperties (The system cannot find the file specified)">
      <![CDATA[java.io.FileNotFoundException: D:\Selenium\Udemy\SeleniumFrameworkDesign\src\main\java\Swetha\resources\GlobalData.preoperties (The system cannot find the file specified)
at java.base/java.io.FileInputStream.open0(Native Method)
at java.base/java.io.FileInputStream.open(FileInputStream.java:211)
at java.base/java.io.FileInputStream.<init>(FileInputStream.java:153)
at java.base/java.io.FileInputStream.<init>(FileInputStream.java:108)
at swetha.TestComponents.BaseTest.initializeDriver(BaseTest.java:24)
at swetha.TestComponents.BaseTest.launchApplication(BaseTest.java:51)
at java.base/java.util.ArrayList.forEach(ArrayList.java:1511)
... Removed 36 stack frames]]>
    </failure>
  </testcase> <!-- @BeforeMethod launchApplication -->
  <testcase classname="swetha.TestComponents.BaseTest" name="@AfterMethod tearDown" time="0.0">
    <skipped/>
  </testcase> <!-- @AfterMethod tearDown -->
  <testcase classname="swetha.tests.SubmitOrderTest" name="submitOrder" time="0.0">
    <skipped/>
  </testcase> <!-- submitOrder -->
</testsuite> <!-- Surefire test -->
